<?xml version="1.0" encoding="UTF-8"?>
<!-- Generated by org.testng.reporters.JUnitReportReporter -->
<testsuite hostname="DESKTOP-66CRK13" failures="0" tests="1" name="eCommerce.Tests.Mobile_comparePrice" time="3.916" errors="0" timestamp="2023-05-25T21:22:30 ART" skipped="0">
  <testcase classname="eCommerce.Tests.Mobile_comparePrice" name="comparePrice" time="3.916"/>
  <system-out/>
</testsuite> <!-- eCommerce.Tests.Mobile_comparePrice -->
