<?xml version="1.0" encoding="UTF-8"?>
<!-- Generated by org.testng.reporters.JUnitReportReporter -->
<testsuite hostname="DESKTOP-66CRK13" failures="0" tests="1" name="eCommerce.Tests.Day4_mobile_compareItems" time="8.119" errors="0" timestamp="2023-05-28T23:12:09 ART" skipped="0">
  <testcase classname="eCommerce.Tests.Day4_mobile_compareItems" name="addItemstoCart_TooMany" time="8.119"/>
  <system-out/>
</testsuite> <!-- eCommerce.Tests.Day4_mobile_compareItems -->
