<?xml version="1.0" encoding="UTF-8"?>
<!-- Generated by org.testng.reporters.JUnitReportReporter -->
<testsuite hostname="DESKTOP-66CRK13" failures="0" tests="1" name="eCommerce.Tests.Day3_mobile_addMoreThanAvailable" time="5.279" errors="0" timestamp="2023-05-26T21:37:23 ART" skipped="0">
  <testcase classname="eCommerce.Tests.Day3_mobile_addMoreThanAvailable" name="addItemstoCart_TooMany" time="5.279"/>
  <system-out/>
</testsuite> <!-- eCommerce.Tests.Day3_mobile_addMoreThanAvailable -->
