<?xml version="1.0" encoding="UTF-8"?>
<!-- Generated by org.testng.reporters.JUnitReportReporter -->
<testsuite hostname="DESKTOP-66CRK13" failures="0" tests="1" name="eCommerce.Tests.Day2_mobile_comparePrice" time="4.096" errors="0" timestamp="2023-05-26T22:05:03 ART" skipped="0">
  <testcase classname="eCommerce.Tests.Day2_mobile_comparePrice" name="comparePrice" time="4.096"/>
  <system-out/>
</testsuite> <!-- eCommerce.Tests.Day2_mobile_comparePrice -->
