<?xml version="1.0" encoding="UTF-8"?>
<!-- Generated by org.testng.reporters.JUnitReportReporter -->
<testsuite hostname="DESKTOP-66CRK13" failures="0" tests="1" name="eCommerce.Tests.Mobile_sortBy_Name" time="2.789" errors="0" timestamp="2023-05-25T20:50:46 ART" skipped="0">
  <testcase classname="eCommerce.Tests.Mobile_sortBy_Name" name="mobile_sort_byName" time="2.789"/>
  <system-out/>
</testsuite> <!-- eCommerce.Tests.Mobile_sortBy_Name -->
