<?xml version="1.0" encoding="UTF-8"?>
<!-- Generated by org.testng.reporters.JUnitReportReporter -->
<testsuite hostname="DESKTOP-66CRK13" failures="0" tests="1" name="eCommerce.Tests.Day1_mobile_sortByName" time="2.919" errors="0" timestamp="2023-05-26T21:56:41 ART" skipped="0">
  <testcase classname="eCommerce.Tests.Day1_mobile_sortByName" name="mobile_sort_byName" time="2.919"/>
  <system-out/>
</testsuite> <!-- eCommerce.Tests.Day1_mobile_sortByName -->
